<?xml version="1.0" encoding="UTF-8"?>
<testng-results skipped="0" failed="1" ignored="0" total="3" passed="2">
  <reporter-output>
  </reporter-output>
  <suite name="Suite" duration-ms="84756" started-at="2022-01-24T06:55:45Z" finished-at="2022-01-24T06:57:10Z">
    <groups>
    </groups>
    <test name="Test" duration-ms="84756" started-at="2022-01-24T06:55:45Z" finished-at="2022-01-24T06:57:10Z">
      <class name="scripts.Validlogin">
        <test-method status="PASS" signature="openapp()[pri:0, instance:scripts.Validlogin@79b06cab]" name="openapp" is-config="true" duration-ms="28444" started-at="2022-01-24T06:55:45Z" finished-at="2022-01-24T06:56:13Z">
          <reporter-output>
          </reporter-output>
        </test-method> <!-- openapp -->
        <test-method status="PASS" signature="testValidlogin()[pri:1, instance:scripts.Validlogin@79b06cab]" name="testValidlogin" duration-ms="15555" started-at="2022-01-24T06:56:13Z" finished-at="2022-01-24T06:56:29Z">
          <reporter-output>
          </reporter-output>
        </test-method> <!-- testValidlogin -->
        <test-method status="PASS" signature="closeapp()[pri:0, instance:scripts.Validlogin@79b06cab]" name="closeapp" is-config="true" duration-ms="1029" started-at="2022-01-24T06:56:29Z" finished-at="2022-01-24T06:56:30Z">
          <reporter-output>
          </reporter-output>
        </test-method> <!-- closeapp -->
      </class> <!-- scripts.Validlogin -->
      <class name="scripts.Invalidlogin">
        <test-method status="PASS" signature="openapp()[pri:0, instance:scripts.Invalidlogin@4690b489]" name="openapp" is-config="true" duration-ms="11849" started-at="2022-01-24T06:56:30Z" finished-at="2022-01-24T06:56:42Z">
          <reporter-output>
          </reporter-output>
        </test-method> <!-- openapp -->
        <test-method status="PASS" signature="testInvalidlogin()[pri:2, instance:scripts.Invalidlogin@4690b489]" name="testInvalidlogin" duration-ms="2599" started-at="2022-01-24T06:56:42Z" finished-at="2022-01-24T06:56:44Z">
          <reporter-output>
          </reporter-output>
        </test-method> <!-- testInvalidlogin -->
        <test-method status="PASS" signature="closeapp()[pri:0, instance:scripts.Invalidlogin@4690b489]" name="closeapp" is-config="true" duration-ms="767" started-at="2022-01-24T06:56:44Z" finished-at="2022-01-24T06:56:45Z">
          <reporter-output>
          </reporter-output>
        </test-method> <!-- closeapp -->
      </class> <!-- scripts.Invalidlogin -->
      <class name="scripts.VerifyHomePage">
        <test-method status="PASS" signature="openapp()[pri:0, instance:scripts.VerifyHomePage@3eb7fc54]" name="openapp" is-config="true" duration-ms="12679" started-at="2022-01-24T06:56:45Z" finished-at="2022-01-24T06:56:58Z">
          <reporter-output>
          </reporter-output>
        </test-method> <!-- openapp -->
        <test-method status="FAIL" signature="testVerifyhomepage()[pri:3, instance:scripts.VerifyHomePage@3eb7fc54]" name="testVerifyhomepage" duration-ms="11041" started-at="2022-01-24T06:56:58Z" finished-at="2022-01-24T06:57:09Z">
          <exception class="java.lang.AssertionError">
            <message>
              <![CDATA[expected [true] but found [false]]]>
            </message>
            <full-stacktrace>
              <![CDATA[java.lang.AssertionError: expected [true] but found [false]
at org.testng.Assert.fail(Assert.java:96)
at org.testng.Assert.failNotEquals(Assert.java:776)
at org.testng.Assert.assertEqualsImpl(Assert.java:137)
at org.testng.Assert.assertEquals(Assert.java:118)
at org.testng.Assert.assertEquals(Assert.java:568)
at org.testng.Assert.assertEquals(Assert.java:578)
at scripts.VerifyHomePage.testVerifyhomepage(VerifyHomePage.java:29)
at sun.reflect.NativeMethodAccessorImpl.invoke0(Native Method)
at sun.reflect.NativeMethodAccessorImpl.invoke(NativeMethodAccessorImpl.java:62)
at sun.reflect.DelegatingMethodAccessorImpl.invoke(DelegatingMethodAccessorImpl.java:43)
at java.lang.reflect.Method.invoke(Method.java:498)
at org.testng.internal.MethodInvocationHelper.invokeMethod(MethodInvocationHelper.java:124)
at org.testng.internal.Invoker.invokeMethod(Invoker.java:583)
at org.testng.internal.Invoker.invokeTestMethod(Invoker.java:719)
at org.testng.internal.Invoker.invokeTestMethods(Invoker.java:989)
at org.testng.internal.TestMethodWorker.invokeTestMethods(TestMethodWorker.java:125)
at org.testng.internal.TestMethodWorker.run(TestMethodWorker.java:109)
at org.testng.TestRunner.privateRun(TestRunner.java:648)
at org.testng.TestRunner.run(TestRunner.java:505)
at org.testng.SuiteRunner.runTest(SuiteRunner.java:455)
at org.testng.SuiteRunner.runSequentially(SuiteRunner.java:450)
at org.testng.SuiteRunner.privateRun(SuiteRunner.java:415)
at org.testng.SuiteRunner.run(SuiteRunner.java:364)
at org.testng.SuiteRunnerWorker.runSuite(SuiteRunnerWorker.java:52)
at org.testng.SuiteRunnerWorker.run(SuiteRunnerWorker.java:84)
at org.testng.TestNG.runSuitesSequentially(TestNG.java:1208)
at org.testng.TestNG.runSuitesLocally(TestNG.java:1137)
at org.testng.TestNG.runSuites(TestNG.java:1049)
at org.testng.TestNG.run(TestNG.java:1017)
at org.apache.maven.surefire.testng.TestNGExecutor.run(TestNGExecutor.java:284)
at org.apache.maven.surefire.testng.TestNGXmlTestSuite.execute(TestNGXmlTestSuite.java:75)
at org.apache.maven.surefire.testng.TestNGProvider.invoke(TestNGProvider.java:119)
at org.apache.maven.surefire.booter.ForkedBooter.runSuitesInProcess(ForkedBooter.java:428)
at org.apache.maven.surefire.booter.ForkedBooter.execute(ForkedBooter.java:162)
at org.apache.maven.surefire.booter.ForkedBooter.run(ForkedBooter.java:562)
at org.apache.maven.surefire.booter.ForkedBooter.main(ForkedBooter.java:548)
]]>
            </full-stacktrace>
          </exception> <!-- java.lang.AssertionError -->
          <reporter-output>
          </reporter-output>
        </test-method> <!-- testVerifyhomepage -->
        <test-method status="PASS" signature="closeapp()[pri:0, instance:scripts.VerifyHomePage@3eb7fc54]" name="closeapp" is-config="true" duration-ms="731" started-at="2022-01-24T06:57:09Z" finished-at="2022-01-24T06:57:10Z">
          <reporter-output>
          </reporter-output>
        </test-method> <!-- closeapp -->
      </class> <!-- scripts.VerifyHomePage -->
    </test> <!-- Test -->
  </suite> <!-- Suite -->
</testng-results>
